<?xml version="1.0" encoding="UTF-8"?>
<testng-results ignored="0" total="1" passed="1" failed="0" skipped="0">
  <reporter-output>
  </reporter-output>
  <suite started-at="2024-03-06T16:19:01 IST" name="Default suite" finished-at="2024-03-06T16:19:11 IST" duration-ms="9312">
    <groups>
    </groups>
    <test started-at="2024-03-06T16:19:01 IST" name="Default test" finished-at="2024-03-06T16:19:11 IST" duration-ms="9312">
      <class name="com.oodo.ap.testLayer.NewClass1">
        <test-method is-config="true" signature="setup()[pri:0, instance:com.oodo.ap.testLayer.NewClass1@393671df]" started-at="2024-03-06T16:19:01 IST" name="setup" finished-at="2024-03-06T16:19:10 IST" duration-ms="8251" status="PASS">
          <reporter-output>
          </reporter-output>
        </test-method> <!-- setup -->
        <test-method signature="singup()[pri:0, instance:com.oodo.ap.testLayer.NewClass1@393671df]" started-at="2024-03-06T16:19:10 IST" name="singup" finished-at="2024-03-06T16:19:10 IST" duration-ms="707" status="PASS">
          <reporter-output>
          </reporter-output>
        </test-method> <!-- singup -->
        <test-method is-config="true" signature="tearDown()[pri:0, instance:com.oodo.ap.testLayer.NewClass1@393671df]" started-at="2024-03-06T16:19:10 IST" name="tearDown" finished-at="2024-03-06T16:19:11 IST" duration-ms="326" status="PASS">
          <reporter-output>
          </reporter-output>
        </test-method> <!-- tearDown -->
      </class> <!-- com.oodo.ap.testLayer.NewClass1 -->
    </test> <!-- Default test -->
  </suite> <!-- Default suite -->
</testng-results>
>
