<?xml version="1.0" encoding="UTF-8"?>
<testng-results ignored="0" total="1" passed="1" failed="0" skipped="0">
  <reporter-output>
  </reporter-output>
  <suite started-at="2024-03-03T10:44:40 IST" name="Default suite" finished-at="2024-03-03T10:45:15 IST" duration-ms="35367">
    <groups>
    </groups>
    <test started-at="2024-03-03T10:44:40 IST" name="Default test" finished-at="2024-03-03T10:45:15 IST" duration-ms="35367">
      <class name="com.oodo.ap.testLayer.ProductTestCase">
        <test-method is-config="true" signature="setup()[pri:0, instance:com.oodo.ap.testLayer.ProductTestCase@393671df]" started-at="2024-03-03T10:44:40 IST" name="setup" finished-at="2024-03-03T10:45:09 IST" duration-ms="29106" status="PASS">
          <reporter-output>
          </reporter-output>
        </test-method> <!-- setup -->
        <test-method signature="buyProduct()[pri:0, instance:com.oodo.ap.testLayer.ProductTestCase@393671df]" started-at="2024-03-03T10:45:09 IST" name="buyProduct" finished-at="2024-03-03T10:45:15 IST" duration-ms="6002" status="PASS">
          <reporter-output>
          </reporter-output>
        </test-method> <!-- buyProduct -->
        <test-method is-config="true" signature="tearDown()[pri:0, instance:com.oodo.ap.testLayer.ProductTestCase@393671df]" started-at="2024-03-03T10:45:15 IST" name="tearDown" finished-at="2024-03-03T10:45:15 IST" duration-ms="234" status="PASS">
          <reporter-output>
          </reporter-output>
        </test-method> <!-- tearDown -->
      </class> <!-- com.oodo.ap.testLayer.ProductTestCase -->
    </test> <!-- Default test -->
  </suite> <!-- Default suite -->
</testng-results>
